2026.04.23 11:44:06 INFO  Started: Metals version 1.6.7 in folders 'C:\Users\leblo\Documents\VSCode\DevOps\TP1' for client Visual Studio Code 1.114.0.
2026.04.23 11:44:06 INFO  Memory monitor started
2026.04.23 11:44:06 WARN  Using H2 2.4.240 which is newer than the version Flyway has been verified with. The latest verified version of H2 is 2.3.232.
2026.04.23 11:44:07 INFO  no build target found for C:\Users\leblo\Documents\VSCode\DevOps\TP1\backend\src\test\java\fr\takima\training\sampleapplication\IT\DepartmentControllerTestIT.java. Using fallback presentation compiler.
2026.04.23 11:44:08 INFO  no build target found for C:\Users\leblo\Documents\VSCode\DevOps\TP1\backend\src\test\java\fr\takima\training\sampleapplication\IT\DepartmentControllerTestIT.java. Using fallback presentation compiler.
2026.04.23 11:44:17 INFO  no build target found for C:\Users\leblo\Documents\VSCode\DevOps\TP1\backend\src\test\java\fr\takima\training\sampleapplication\IT\DepartmentControllerTestIT.java. Using fallback presentation compiler.
2026.04.23 11:44:18 WARN  no build target for: C:\Users\leblo\Documents\VSCode\DevOps\TP1\backend\src\test\java\fr\takima\training\sampleapplication\IT\DepartmentControllerTestIT.java
2026.04.23 11:44:17 INFO  no build target found for C:\Users\leblo\Documents\VSCode\DevOps\TP1\backend\src\test\java\fr\takima\training\sampleapplication\IT\DepartmentControllerTestIT.java. Using fallback presentation compiler.
2026.04.23 11:44:17 INFO  no build target found for C:\Users\leblo\Documents\VSCode\DevOps\TP1\backend\src\test\java\fr\takima\training\sampleapplication\IT\DepartmentControllerTestIT.java. Using fallback presentation compiler.
2026.04.23 11:44:17 INFO  no build target found for C:\Users\leblo\Documents\VSCode\DevOps\TP1\backend\src\test\java\fr\takima\training\sampleapplication\IT\DepartmentControllerTestIT.java. Using fallback presentation compiler.
2026.04.23 11:44:18 INFO  no build target found for C:\Users\leblo\Documents\VSCode\DevOps\TP1\backend\src\test\java\fr\takima\training\sampleapplication\IT\DepartmentControllerTestIT.java. Using fallback presentation compiler.
2026.04.23 11:44:17 INFO  no build target found for C:\Users\leblo\Documents\VSCode\DevOps\TP1\backend\src\test\java\fr\takima\training\sampleapplication\IT\DepartmentControllerTestIT.java. Using fallback presentation compiler.
2026.04.23 11:44:30 INFO  Shutting down server
2026.04.23 11:44:30 INFO  Memory monitor stopped
2026.04.23 11:44:30 INFO  shutting down Metals
2026.04.23 11:44:30 ERROR Unexpected error initializing server: 
org.eclipse.lsp4j.jsonrpc.ResponseErrorException: Request window/showMessageRequest failed with message: Canceled
	at org.eclipse.lsp4j.jsonrpc.RemoteEndpoint.handleResponse(RemoteEndpoint.java:214)
	at org.eclipse.lsp4j.jsonrpc.RemoteEndpoint.consume(RemoteEndpoint.java:198)
	at org.eclipse.lsp4j.jsonrpc.json.StreamMessageProducer.handleMessage(StreamMessageProducer.java:189)
	at org.eclipse.lsp4j.jsonrpc.json.StreamMessageProducer.listen(StreamMessageProducer.java:97)
	at org.eclipse.lsp4j.jsonrpc.json.ConcurrentMessageProcessor.run(ConcurrentMessageProcessor.java:97)
	at java.util.concurrent.Executors$RunnableAdapter.call(Executors.java:539)
	at java.util.concurrent.FutureTask.run(FutureTask.java:264)
	at java.util.concurrent.ThreadPoolExecutor.runWorker(ThreadPoolExecutor.java:1136)
	at java.util.concurrent.ThreadPoolExecutor$Worker.run(ThreadPoolExecutor.java:635)
	at java.lang.Thread.run(Thread.java:840)

2026.04.23 11:44:30 INFO  Exiting server
2026.04.23 11:44:57 INFO  Started: Metals version 1.6.7 in folders 'C:\Users\leblo\Documents\VSCode\DevOps\TP1' for client Visual Studio Code 1.117.0.
2026.04.23 11:44:57 INFO  Memory monitor started
2026.04.23 11:44:58 WARN  Using H2 2.4.240 which is newer than the version Flyway has been verified with. The latest verified version of H2 is 2.3.232.
2026.04.23 11:44:58 INFO  no build target found for C:\Users\leblo\Documents\VSCode\DevOps\TP1\backend\src\test\java\fr\takima\training\sampleapplication\IT\DepartmentControllerTestIT.java. Using fallback presentation compiler.
avr. 23, 2026 11:44:59 AM org.eclipse.lsp4j.jsonrpc.RemoteEndpoint handleCancellation
AVERTISSEMENT: Unmatched cancel notification for request id 2
2026.04.23 11:44:58 INFO  no build target found for C:\Users\leblo\Documents\VSCode\DevOps\TP1\backend\src\test\java\fr\takima\training\sampleapplication\IT\DepartmentControllerTestIT.java. Using fallback presentation compiler.
2026.04.23 11:45:00 INFO  no build target found for C:\Users\leblo\Documents\VSCode\DevOps\TP1\backend\src\test\java\fr\takima\training\sampleapplication\IT\DepartmentControllerTestIT.java. Using fallback presentation compiler.
2026.04.23 11:45:08 INFO  no build target found for C:\Users\leblo\Documents\VSCode\DevOps\TP1\backend\src\test\java\fr\takima\training\sampleapplication\IT\DepartmentControllerTestIT.java. Using fallback presentation compiler.
avr. 23, 2026 11:45:36 AM org.eclipse.lsp4j.jsonrpc.services.GenericEndpoint notify
INFOS: Unsupported notification method: $/setTrace
avr. 23, 2026 11:45:36 AM org.eclipse.lsp4j.jsonrpc.services.GenericEndpoint notify
INFOS: Unsupported notification method: $/setTrace
